{
  "stats": {
    "suites": 5,
    "tests": 16,
    "passes": 16,
    "pending": 0,
    "failures": 0,
    "start": "2023-08-06T10:52:17.773Z",
    "end": "2023-08-06T10:52:49.991Z",
    "duration": 32218,
    "testsRegistered": 16,
    "passPercent": 100,
    "pendingPercent": 0,
    "other": 0,
    "hasOther": false,
    "skipped": 0,
    "hasSkipped": false
  },
  "results": [
    {
      "uuid": "e49e6d8d-d406-4d6e-9ed6-fd824ce80645",
      "title": "",
      "fullFile": "C:\\Users\\fede2\\OneDrive\\Desktop\\Javascript\\Selenium\\automation-exercise\\test\\firstTest.js",
      "file": "\\test\\firstTest.js",
      "beforeHooks": [],
      "afterHooks": [],
      "tests": [],
      "suites": [
        {
          "uuid": "2a2d5830-27b0-45d4-b213-5c1a20d59091",
          "title": "Test Case 5: Register User with existing email",
          "fullFile": "C:\\Users\\fede2\\OneDrive\\Desktop\\Javascript\\Selenium\\automation-exercise\\test\\firstTest.js",
          "file": "\\test\\firstTest.js",
          "beforeHooks": [],
          "afterHooks": [],
          "tests": [],
          "suites": [
            {
              "uuid": "8eebbe47-e227-4718-a2e5-9b483af3d9e7",
              "title": "Attemting sign up with credentials fedexample22@gmail.com [email] and John Doe [Name]",
              "fullFile": "C:\\Users\\fede2\\OneDrive\\Desktop\\Javascript\\Selenium\\automation-exercise\\test\\firstTest.js",
              "file": "\\test\\firstTest.js",
              "beforeHooks": [
                {
                  "title": "\"before all\" hook in \"Attemting sign up with credentials fedexample22@gmail.com [email] and John Doe [Name]\"",
                  "fullTitle": "Test Case 5: Register User with existing email Attemting sign up with credentials fedexample22@gmail.com [email] and John Doe [Name] \"before all\" hook in \"Attemting sign up with credentials fedexample22@gmail.com [email] and John Doe [Name]\"",
                  "timedOut": null,
                  "duration": 2379,
                  "state": null,
                  "speed": null,
                  "pass": false,
                  "fail": false,
                  "pending": null,
                  "context": null,
                  "code": "driver = await new Builder()\n    .setChromeOptions(chromeOptions)\n    .forBrowser(Browser.CHROME)\n    .build();",
                  "err": {},
                  "uuid": "49e45c5c-2e50-47e9-9852-201b12fb8a3e",
                  "parentUUID": null,
                  "isHook": true,
                  "skipped": false
                }
              ],
              "afterHooks": [
                {
                  "title": "\"after all\" hook in \"Attemting sign up with credentials fedexample22@gmail.com [email] and John Doe [Name]\"",
                  "fullTitle": "Test Case 5: Register User with existing email Attemting sign up with credentials fedexample22@gmail.com [email] and John Doe [Name] \"after all\" hook in \"Attemting sign up with credentials fedexample22@gmail.com [email] and John Doe [Name]\"",
                  "timedOut": null,
                  "duration": 74,
                  "state": null,
                  "speed": null,
                  "pass": false,
                  "fail": false,
                  "pending": null,
                  "context": null,
                  "code": "await driver.quit()",
                  "err": {},
                  "uuid": "93e51fee-54e7-48b4-996b-7fa4778e79ba",
                  "parentUUID": null,
                  "isHook": true,
                  "skipped": false
                }
              ],
              "tests": [
                {
                  "title": "1. Launch the browser && 2. Navigate to automationexercise site",
                  "fullTitle": "Test Case 5: Register User with existing email Attemting sign up with credentials fedexample22@gmail.com [email] and John Doe [Name] 1. Launch the browser && 2. Navigate to automationexercise site",
                  "timedOut": null,
                  "duration": 3427,
                  "state": "passed",
                  "speed": "slow",
                  "pass": true,
                  "fail": false,
                  "pending": false,
                  "context": null,
                  "code": "navigateToWebsite( driver )",
                  "err": {},
                  "uuid": "11c25d1f-9e3d-4ae3-9a34-8efc0d2ac55a",
                  "parentUUID": null,
                  "isHook": false,
                  "skipped": false
                },
                {
                  "title": "2. Verify that home page is visible succesfully",
                  "fullTitle": "Test Case 5: Register User with existing email Attemting sign up with credentials fedexample22@gmail.com [email] and John Doe [Name] 2. Verify that home page is visible succesfully",
                  "timedOut": null,
                  "duration": 48,
                  "state": "passed",
                  "speed": "medium",
                  "pass": true,
                  "fail": false,
                  "pending": false,
                  "context": null,
                  "code": "homepageValidation( driver )",
                  "err": {},
                  "uuid": "f768ce5a-643a-41e0-8062-35c24a9ae3bf",
                  "parentUUID": null,
                  "isHook": false,
                  "skipped": false
                },
                {
                  "title": "3. Click on 'Signup / Login' and Verify 'New User Signup!' is visible",
                  "fullTitle": "Test Case 5: Register User with existing email Attemting sign up with credentials fedexample22@gmail.com [email] and John Doe [Name] 3. Click on 'Signup / Login' and Verify 'New User Signup!' is visible",
                  "timedOut": null,
                  "duration": 1362,
                  "state": "passed",
                  "speed": "slow",
                  "pass": true,
                  "fail": false,
                  "pending": false,
                  "context": null,
                  "code": "accessSignUpSection( driver )",
                  "err": {},
                  "uuid": "d2e50854-905d-439e-9106-856c558cf0db",
                  "parentUUID": null,
                  "isHook": false,
                  "skipped": false
                },
                {
                  "title": "4. Enter name and already registered email address, Click 'Signup' button && Verify error 'Email Address already exist!' is visible",
                  "fullTitle": "Test Case 5: Register User with existing email Attemting sign up with credentials fedexample22@gmail.com [email] and John Doe [Name] 4. Enter name and already registered email address, Click 'Signup' button && Verify error 'Email Address already exist!' is visible",
                  "timedOut": null,
                  "duration": 459,
                  "state": "passed",
                  "speed": "slow",
                  "pass": true,
                  "fail": false,
                  "pending": false,
                  "context": null,
                  "code": "signupWithExistingEmail({ driver, userData })",
                  "err": {},
                  "uuid": "152e31b3-e759-472c-bf57-691df19657d7",
                  "parentUUID": null,
                  "isHook": false,
                  "skipped": false
                }
              ],
              "suites": [],
              "passes": [
                "11c25d1f-9e3d-4ae3-9a34-8efc0d2ac55a",
                "f768ce5a-643a-41e0-8062-35c24a9ae3bf",
                "d2e50854-905d-439e-9106-856c558cf0db",
                "152e31b3-e759-472c-bf57-691df19657d7"
              ],
              "failures": [],
              "pending": [],
              "skipped": [],
              "duration": 5296,
              "root": false,
              "rootEmpty": false,
              "_timeout": null
            },
            {
              "uuid": "6958ad87-84fb-40d8-a78e-a16786e956d5",
              "title": "Attemting sign up with credentials fedexample20@gmail.com [email] and John Doe [Name]",
              "fullFile": "C:\\Users\\fede2\\OneDrive\\Desktop\\Javascript\\Selenium\\automation-exercise\\test\\firstTest.js",
              "file": "\\test\\firstTest.js",
              "beforeHooks": [
                {
                  "title": "\"before all\" hook in \"Attemting sign up with credentials fedexample20@gmail.com [email] and John Doe [Name]\"",
                  "fullTitle": "Test Case 5: Register User with existing email Attemting sign up with credentials fedexample20@gmail.com [email] and John Doe [Name] \"before all\" hook in \"Attemting sign up with credentials fedexample20@gmail.com [email] and John Doe [Name]\"",
                  "timedOut": null,
                  "duration": 2645,
                  "state": null,
                  "speed": null,
                  "pass": false,
                  "fail": false,
                  "pending": null,
                  "context": null,
                  "code": "driver = await new Builder()\n    .setChromeOptions(chromeOptions)\n    .forBrowser(Browser.CHROME)\n    .build();",
                  "err": {},
                  "uuid": "340ccfc9-d65f-476a-90a4-084778af80ce",
                  "parentUUID": null,
                  "isHook": true,
                  "skipped": false
                }
              ],
              "afterHooks": [
                {
                  "title": "\"after all\" hook in \"Attemting sign up with credentials fedexample20@gmail.com [email] and John Doe [Name]\"",
                  "fullTitle": "Test Case 5: Register User with existing email Attemting sign up with credentials fedexample20@gmail.com [email] and John Doe [Name] \"after all\" hook in \"Attemting sign up with credentials fedexample20@gmail.com [email] and John Doe [Name]\"",
                  "timedOut": null,
                  "duration": 289,
                  "state": null,
                  "speed": null,
                  "pass": false,
                  "fail": false,
                  "pending": null,
                  "context": null,
                  "code": "await driver.quit()",
                  "err": {},
                  "uuid": "93797cba-47f2-468a-b652-9612a0ba883a",
                  "parentUUID": null,
                  "isHook": true,
                  "skipped": false
                }
              ],
              "tests": [
                {
                  "title": "1. Launch the browser && 2. Navigate to automationexercise site",
                  "fullTitle": "Test Case 5: Register User with existing email Attemting sign up with credentials fedexample20@gmail.com [email] and John Doe [Name] 1. Launch the browser && 2. Navigate to automationexercise site",
                  "timedOut": null,
                  "duration": 2940,
                  "state": "passed",
                  "speed": "slow",
                  "pass": true,
                  "fail": false,
                  "pending": false,
                  "context": null,
                  "code": "navigateToWebsite( driver )",
                  "err": {},
                  "uuid": "ac52558a-b357-4a94-b8f9-0029b4b6e664",
                  "parentUUID": null,
                  "isHook": false,
                  "skipped": false
                },
                {
                  "title": "2. Verify that home page is visible succesfully",
                  "fullTitle": "Test Case 5: Register User with existing email Attemting sign up with credentials fedexample20@gmail.com [email] and John Doe [Name] 2. Verify that home page is visible succesfully",
                  "timedOut": null,
                  "duration": 36,
                  "state": "passed",
                  "speed": "fast",
                  "pass": true,
                  "fail": false,
                  "pending": false,
                  "context": null,
                  "code": "homepageValidation( driver )",
                  "err": {},
                  "uuid": "0353a92c-6675-4f6c-b750-907489c1cffe",
                  "parentUUID": null,
                  "isHook": false,
                  "skipped": false
                },
                {
                  "title": "3. Click on 'Signup / Login' and Verify 'New User Signup!' is visible",
                  "fullTitle": "Test Case 5: Register User with existing email Attemting sign up with credentials fedexample20@gmail.com [email] and John Doe [Name] 3. Click on 'Signup / Login' and Verify 'New User Signup!' is visible",
                  "timedOut": null,
                  "duration": 1320,
                  "state": "passed",
                  "speed": "slow",
                  "pass": true,
                  "fail": false,
                  "pending": false,
                  "context": null,
                  "code": "accessSignUpSection( driver )",
                  "err": {},
                  "uuid": "3a07082d-d4a3-4992-8d3d-3437197d00bb",
                  "parentUUID": null,
                  "isHook": false,
                  "skipped": false
                },
                {
                  "title": "4. Enter name and already registered email address, Click 'Signup' button && Verify error 'Email Address already exist!' is visible",
                  "fullTitle": "Test Case 5: Register User with existing email Attemting sign up with credentials fedexample20@gmail.com [email] and John Doe [Name] 4. Enter name and already registered email address, Click 'Signup' button && Verify error 'Email Address already exist!' is visible",
                  "timedOut": null,
                  "duration": 630,
                  "state": "passed",
                  "speed": "slow",
                  "pass": true,
                  "fail": false,
                  "pending": false,
                  "context": null,
                  "code": "signupWithExistingEmail({ driver, userData })",
                  "err": {},
                  "uuid": "798503d4-c1db-4bd4-b781-39c6c51dc7bc",
                  "parentUUID": null,
                  "isHook": false,
                  "skipped": false
                }
              ],
              "suites": [],
              "passes": [
                "ac52558a-b357-4a94-b8f9-0029b4b6e664",
                "0353a92c-6675-4f6c-b750-907489c1cffe",
                "3a07082d-d4a3-4992-8d3d-3437197d00bb",
                "798503d4-c1db-4bd4-b781-39c6c51dc7bc"
              ],
              "failures": [],
              "pending": [],
              "skipped": [],
              "duration": 4926,
              "root": false,
              "rootEmpty": false,
              "_timeout": null
            },
            {
              "uuid": "fc3eece4-dc62-4491-a410-d1c88e03cc09",
              "title": "Attemting sign up with credentials fedexample19@gmail.com [email] and John Doe [Name]",
              "fullFile": "C:\\Users\\fede2\\OneDrive\\Desktop\\Javascript\\Selenium\\automation-exercise\\test\\firstTest.js",
              "file": "\\test\\firstTest.js",
              "beforeHooks": [
                {
                  "title": "\"before all\" hook in \"Attemting sign up with credentials fedexample19@gmail.com [email] and John Doe [Name]\"",
                  "fullTitle": "Test Case 5: Register User with existing email Attemting sign up with credentials fedexample19@gmail.com [email] and John Doe [Name] \"before all\" hook in \"Attemting sign up with credentials fedexample19@gmail.com [email] and John Doe [Name]\"",
                  "timedOut": null,
                  "duration": 2589,
                  "state": null,
                  "speed": null,
                  "pass": false,
                  "fail": false,
                  "pending": null,
                  "context": null,
                  "code": "driver = await new Builder()\n    .setChromeOptions(chromeOptions)\n    .forBrowser(Browser.CHROME)\n    .build();",
                  "err": {},
                  "uuid": "3b022aba-7f38-4a4e-a41e-105e9dfb3577",
                  "parentUUID": null,
                  "isHook": true,
                  "skipped": false
                }
              ],
              "afterHooks": [
                {
                  "title": "\"after all\" hook in \"Attemting sign up with credentials fedexample19@gmail.com [email] and John Doe [Name]\"",
                  "fullTitle": "Test Case 5: Register User with existing email Attemting sign up with credentials fedexample19@gmail.com [email] and John Doe [Name] \"after all\" hook in \"Attemting sign up with credentials fedexample19@gmail.com [email] and John Doe [Name]\"",
                  "timedOut": null,
                  "duration": 282,
                  "state": null,
                  "speed": null,
                  "pass": false,
                  "fail": false,
                  "pending": null,
                  "context": null,
                  "code": "await driver.quit()",
                  "err": {},
                  "uuid": "60bdfdfe-fc9c-408f-8760-513eb95e068c",
                  "parentUUID": null,
                  "isHook": true,
                  "skipped": false
                }
              ],
              "tests": [
                {
                  "title": "1. Launch the browser && 2. Navigate to automationexercise site",
                  "fullTitle": "Test Case 5: Register User with existing email Attemting sign up with credentials fedexample19@gmail.com [email] and John Doe [Name] 1. Launch the browser && 2. Navigate to automationexercise site",
                  "timedOut": null,
                  "duration": 4099,
                  "state": "passed",
                  "speed": "slow",
                  "pass": true,
                  "fail": false,
                  "pending": false,
                  "context": null,
                  "code": "navigateToWebsite( driver )",
                  "err": {},
                  "uuid": "d5bf537e-b530-4649-88e2-5ef39a08b5b8",
                  "parentUUID": null,
                  "isHook": false,
                  "skipped": false
                },
                {
                  "title": "2. Verify that home page is visible succesfully",
                  "fullTitle": "Test Case 5: Register User with existing email Attemting sign up with credentials fedexample19@gmail.com [email] and John Doe [Name] 2. Verify that home page is visible succesfully",
                  "timedOut": null,
                  "duration": 34,
                  "state": "passed",
                  "speed": "fast",
                  "pass": true,
                  "fail": false,
                  "pending": false,
                  "context": null,
                  "code": "homepageValidation( driver )",
                  "err": {},
                  "uuid": "1abbac66-30d7-4596-848d-c89c11e85de1",
                  "parentUUID": null,
                  "isHook": false,
                  "skipped": false
                },
                {
                  "title": "3. Click on 'Signup / Login' and Verify 'New User Signup!' is visible",
                  "fullTitle": "Test Case 5: Register User with existing email Attemting sign up with credentials fedexample19@gmail.com [email] and John Doe [Name] 3. Click on 'Signup / Login' and Verify 'New User Signup!' is visible",
                  "timedOut": null,
                  "duration": 415,
                  "state": "passed",
                  "speed": "slow",
                  "pass": true,
                  "fail": false,
                  "pending": false,
                  "context": null,
                  "code": "accessSignUpSection( driver )",
                  "err": {},
                  "uuid": "c980a38d-84fd-4cf2-97d2-ffb5d7f68a69",
                  "parentUUID": null,
                  "isHook": false,
                  "skipped": false
                },
                {
                  "title": "4. Enter name and already registered email address, Click 'Signup' button && Verify error 'Email Address already exist!' is visible",
                  "fullTitle": "Test Case 5: Register User with existing email Attemting sign up with credentials fedexample19@gmail.com [email] and John Doe [Name] 4. Enter name and already registered email address, Click 'Signup' button && Verify error 'Email Address already exist!' is visible",
                  "timedOut": null,
                  "duration": 481,
                  "state": "passed",
                  "speed": "slow",
                  "pass": true,
                  "fail": false,
                  "pending": false,
                  "context": null,
                  "code": "signupWithExistingEmail({ driver, userData })",
                  "err": {},
                  "uuid": "cb96183f-4b6c-494e-83a5-f61a4c3e3b83",
                  "parentUUID": null,
                  "isHook": false,
                  "skipped": false
                }
              ],
              "suites": [],
              "passes": [
                "d5bf537e-b530-4649-88e2-5ef39a08b5b8",
                "1abbac66-30d7-4596-848d-c89c11e85de1",
                "c980a38d-84fd-4cf2-97d2-ffb5d7f68a69",
                "cb96183f-4b6c-494e-83a5-f61a4c3e3b83"
              ],
              "failures": [],
              "pending": [],
              "skipped": [],
              "duration": 5029,
              "root": false,
              "rootEmpty": false,
              "_timeout": null
            },
            {
              "uuid": "73f57f85-0446-4237-b6b9-6affe77905ca",
              "title": "Attemting sign up with credentials fedexample18@gmail.com [email] and John Doe [Name]",
              "fullFile": "C:\\Users\\fede2\\OneDrive\\Desktop\\Javascript\\Selenium\\automation-exercise\\test\\firstTest.js",
              "file": "\\test\\firstTest.js",
              "beforeHooks": [
                {
                  "title": "\"before all\" hook in \"Attemting sign up with credentials fedexample18@gmail.com [email] and John Doe [Name]\"",
                  "fullTitle": "Test Case 5: Register User with existing email Attemting sign up with credentials fedexample18@gmail.com [email] and John Doe [Name] \"before all\" hook in \"Attemting sign up with credentials fedexample18@gmail.com [email] and John Doe [Name]\"",
                  "timedOut": null,
                  "duration": 2529,
                  "state": null,
                  "speed": null,
                  "pass": false,
                  "fail": false,
                  "pending": null,
                  "context": null,
                  "code": "driver = await new Builder()\n    .setChromeOptions(chromeOptions)\n    .forBrowser(Browser.CHROME)\n    .build();",
                  "err": {},
                  "uuid": "e811f78f-f170-4440-b57a-eebeec5110eb",
                  "parentUUID": null,
                  "isHook": true,
                  "skipped": false
                }
              ],
              "afterHooks": [
                {
                  "title": "\"after all\" hook in \"Attemting sign up with credentials fedexample18@gmail.com [email] and John Doe [Name]\"",
                  "fullTitle": "Test Case 5: Register User with existing email Attemting sign up with credentials fedexample18@gmail.com [email] and John Doe [Name] \"after all\" hook in \"Attemting sign up with credentials fedexample18@gmail.com [email] and John Doe [Name]\"",
                  "timedOut": null,
                  "duration": 248,
                  "state": null,
                  "speed": null,
                  "pass": false,
                  "fail": false,
                  "pending": null,
                  "context": null,
                  "code": "await driver.quit()",
                  "err": {},
                  "uuid": "32389c88-5e0d-4f08-a798-26dc3ea57c9d",
                  "parentUUID": null,
                  "isHook": true,
                  "skipped": false
                }
              ],
              "tests": [
                {
                  "title": "1. Launch the browser && 2. Navigate to automationexercise site",
                  "fullTitle": "Test Case 5: Register User with existing email Attemting sign up with credentials fedexample18@gmail.com [email] and John Doe [Name] 1. Launch the browser && 2. Navigate to automationexercise site",
                  "timedOut": null,
                  "duration": 4076,
                  "state": "passed",
                  "speed": "slow",
                  "pass": true,
                  "fail": false,
                  "pending": false,
                  "context": null,
                  "code": "navigateToWebsite( driver )",
                  "err": {},
                  "uuid": "ea66c139-a7a2-4fde-bda5-4ca8f50243a2",
                  "parentUUID": null,
                  "isHook": false,
                  "skipped": false
                },
                {
                  "title": "2. Verify that home page is visible succesfully",
                  "fullTitle": "Test Case 5: Register User with existing email Attemting sign up with credentials fedexample18@gmail.com [email] and John Doe [Name] 2. Verify that home page is visible succesfully",
                  "timedOut": null,
                  "duration": 37,
                  "state": "passed",
                  "speed": "fast",
                  "pass": true,
                  "fail": false,
                  "pending": false,
                  "context": null,
                  "code": "homepageValidation( driver )",
                  "err": {},
                  "uuid": "11d47faf-dd22-47fe-922c-02826b3da020",
                  "parentUUID": null,
                  "isHook": false,
                  "skipped": false
                },
                {
                  "title": "3. Click on 'Signup / Login' and Verify 'New User Signup!' is visible",
                  "fullTitle": "Test Case 5: Register User with existing email Attemting sign up with credentials fedexample18@gmail.com [email] and John Doe [Name] 3. Click on 'Signup / Login' and Verify 'New User Signup!' is visible",
                  "timedOut": null,
                  "duration": 921,
                  "state": "passed",
                  "speed": "slow",
                  "pass": true,
                  "fail": false,
                  "pending": false,
                  "context": null,
                  "code": "accessSignUpSection( driver )",
                  "err": {},
                  "uuid": "cec42438-a571-4770-a2b4-bed5981bb452",
                  "parentUUID": null,
                  "isHook": false,
                  "skipped": false
                },
                {
                  "title": "4. Enter name and already registered email address, Click 'Signup' button && Verify error 'Email Address already exist!' is visible",
                  "fullTitle": "Test Case 5: Register User with existing email Attemting sign up with credentials fedexample18@gmail.com [email] and John Doe [Name] 4. Enter name and already registered email address, Click 'Signup' button && Verify error 'Email Address already exist!' is visible",
                  "timedOut": null,
                  "duration": 463,
                  "state": "passed",
                  "speed": "slow",
                  "pass": true,
                  "fail": false,
                  "pending": false,
                  "context": null,
                  "code": "signupWithExistingEmail({ driver, userData })",
                  "err": {},
                  "uuid": "01c1e4e0-cd71-4528-826a-c169879084c6",
                  "parentUUID": null,
                  "isHook": false,
                  "skipped": false
                }
              ],
              "suites": [],
              "passes": [
                "ea66c139-a7a2-4fde-bda5-4ca8f50243a2",
                "11d47faf-dd22-47fe-922c-02826b3da020",
                "cec42438-a571-4770-a2b4-bed5981bb452",
                "01c1e4e0-cd71-4528-826a-c169879084c6"
              ],
              "failures": [],
              "pending": [],
              "skipped": [],
              "duration": 5497,
              "root": false,
              "rootEmpty": false,
              "_timeout": null
            }
          ],
          "passes": [],
          "failures": [],
          "pending": [],
          "skipped": [],
          "duration": 0,
          "root": false,
          "rootEmpty": false,
          "_timeout": null
        }
      ],
      "passes": [],
      "failures": [],
      "pending": [],
      "skipped": [],
      "duration": 0,
      "root": true,
      "rootEmpty": true,
      "_timeout": 0
    }
  ],
  "meta": {
    "mocha": {
      "version": "10.2.0"
    },
    "mochawesome": {
      "options": {
        "quiet": false,
        "reportFilename": "testResults",
        "saveHtml": true,
        "saveJson": true,
        "consoleReporter": "spec",
        "useInlineDiffs": false,
        "code": true
      },
      "version": "7.1.3"
    },
    "marge": {
      "options": {
        "reportDir": "C:/Users/fede2/OneDrive/Desktop/Javascript/Selenium/automation-exercise/reports",
        "reportFilename": "testResults"
      },
      "version": "6.2.0"
    }
  }
}